<?xml version="1.0" encoding="UTF-8"?>
<!-- Generated by org.testng.reporters.JUnitXMLReporter -->
<testsuite ignored="1" hostname="DESKTOP-MV5DNUU" failures="0" tests="2" name="Test" time="15.397" errors="0" timestamp="2021-04-19T22:44:40 MESZ">
  <testcase classname="test.WikipediaSearchTestNG_Demo2" name="wikipediaSearch3" time="1.354"/>
  <testcase classname="test.WikipediaSearchTestNG_Demo" name="wikipediaSearch" time="1.397"/>
  <testcase classname="test.WikipediaSearchTestNG_Demo2" name="wikipediaSearch2" time="0.0">
    <ignored/>
  </testcase> <!-- wikipediaSearch2 -->
</testsuite> <!-- Test -->
