<?xml version="1.0" encoding="UTF-8"?>
<testng-results ignored="0" total="1" passed="1" failed="0" skipped="0">
  <reporter-output>
  </reporter-output>
  <suite started-at="2021-04-25T14:13:05 MESZ" name="Default suite" finished-at="2021-04-25T14:13:12 MESZ" duration-ms="7151">
    <groups>
    </groups>
    <test started-at="2021-04-25T14:13:05 MESZ" name="Default test" finished-at="2021-04-25T14:13:12 MESZ" duration-ms="7151">
      <class name="test.WikipediaSearchTestNG_Demo">
        <test-method is-config="true" signature="setUpTest()[pri:0, instance:test.WikipediaSearchTestNG_Demo@635eaaf1]" started-at="2021-04-25T14:13:05 MESZ" name="setUpTest" finished-at="2021-04-25T14:13:07 MESZ" duration-ms="2153" status="PASS">
          <reporter-output>
          </reporter-output>
        </test-method> <!-- setUpTest -->
        <test-method signature="wikipediaSearch()[pri:0, instance:test.WikipediaSearchTestNG_Demo@635eaaf1]" started-at="2021-04-25T14:13:07 MESZ" name="wikipediaSearch" finished-at="2021-04-25T14:13:09 MESZ" duration-ms="1278" status="PASS">
          <reporter-output>
          </reporter-output>
        </test-method> <!-- wikipediaSearch -->
        <test-method is-config="true" signature="tearDownTest()[pri:0, instance:test.WikipediaSearchTestNG_Demo@635eaaf1]" started-at="2021-04-25T14:13:09 MESZ" name="tearDownTest" finished-at="2021-04-25T14:13:12 MESZ" duration-ms="3690" status="PASS">
          <reporter-output>
          </reporter-output>
        </test-method> <!-- tearDownTest -->
      </class> <!-- test.WikipediaSearchTestNG_Demo -->
    </test> <!-- Default test -->
  </suite> <!-- Default suite -->
</testng-results>
